[2026-03-07 18:42:03] A/B supervisor started
[2026-03-07 18:42:03] next resets: 2026-03-07 20:00, 2026-03-08 01:00, 2026-03-08 05:00, 2026-03-08 10:00, 2026-03-08 15:00, 2026-03-08 20:00
[2026-03-07 18:42:03] waiting for next reset at 2026-03-07 20:00:00
[2026-03-07 18:43:04] A/B supervisor started
[2026-03-07 18:43:04] next resets: 2026-03-07 20:00, 2026-03-08 01:00, 2026-03-08 06:00, 2026-03-08 11:00, 2026-03-08 16:00, 2026-03-08 21:00
[2026-03-07 18:43:04] waiting for next reset at 2026-03-07 20:00:00
[2026-03-07 18:43:57] A/B supervisor started
[2026-03-07 18:43:57] next resets: 2026-03-07 20:00, 2026-03-08 01:00, 2026-03-08 06:00, 2026-03-08 11:00, 2026-03-08 16:00, 2026-03-08 21:00
[2026-03-07 18:43:57] alive pids=53435 next_reset=2026-03-07 20:00:00
[2026-03-07 18:48:58] alive pids=53435 next_reset=2026-03-07 20:00:00
[2026-03-07 18:53:58] alive pids=53435 next_reset=2026-03-07 20:00:00
[2026-03-07 18:58:59] alive pids=53435 next_reset=2026-03-07 20:00:00
[2026-03-07 19:03:59] alive pids=53435 next_reset=2026-03-07 20:00:00
[2026-03-07 19:09:00] alive pids=53435 next_reset=2026-03-07 20:00:00
[2026-03-07 19:14:00] alive pids=53435 next_reset=2026-03-07 20:00:00
[2026-03-07 19:19:01] alive pids=53435 next_reset=2026-03-07 20:00:00
[2026-03-07 19:24:01] alive pids=53435 next_reset=2026-03-07 20:00:00
[2026-03-07 19:29:02] alive pids=53435 next_reset=2026-03-07 20:00:00
[2026-03-07 19:34:03] alive pids=53435 next_reset=2026-03-07 20:00:00
[2026-03-07 19:39:03] alive pids=53435 next_reset=2026-03-07 20:00:00
[2026-03-07 19:44:03] alive pids=53435 next_reset=2026-03-07 20:00:00
[2026-03-07 19:49:04] alive pids=53435 next_reset=2026-03-07 20:00:00
[2026-03-07 19:54:04] alive pids=53435 next_reset=2026-03-07 20:00:00
[2026-03-07 19:59:05] alive pids=53435 next_reset=2026-03-07 20:00:00
[2026-03-07 20:04:06] alive pids=53435 next_reset=2026-03-08 01:00:00
[2026-03-07 20:09:06] alive pids=53435 next_reset=2026-03-08 01:00:00
[2026-03-07 20:14:07] alive pids=53435 next_reset=2026-03-08 01:00:00
[2026-03-07 20:19:07] alive pids=53435 next_reset=2026-03-08 01:00:00
[2026-03-07 20:24:08] alive pids=53435 next_reset=2026-03-08 01:00:00
[2026-03-07 20:29:09] alive pids=53435 next_reset=2026-03-08 01:00:00
[2026-03-07 20:34:09] alive pids=53435 next_reset=2026-03-08 01:00:00
[2026-03-07 20:39:10] alive pids=53435 next_reset=2026-03-08 01:00:00
[2026-03-07 20:44:10] alive pids=53435 next_reset=2026-03-08 01:00:00
[2026-03-07 20:49:11] alive pids=53435 next_reset=2026-03-08 01:00:00
[2026-03-07 20:54:11] alive pids=53435 next_reset=2026-03-08 01:00:00
[2026-03-07 20:59:12] alive pids=53435 next_reset=2026-03-08 01:00:00
[2026-03-07 21:04:12] alive pids=53435 next_reset=2026-03-08 01:00:00
[2026-03-07 21:09:13] alive pids=53435 next_reset=2026-03-08 01:00:00
[2026-03-07 21:14:13] alive pids=53435 next_reset=2026-03-08 01:00:00
[2026-03-07 21:19:14] alive pids=53435 next_reset=2026-03-08 01:00:00
[2026-03-07 21:24:15] alive pids=53435 next_reset=2026-03-08 01:00:00
[2026-03-07 21:29:15] alive pids=53435 next_reset=2026-03-08 01:00:00
[2026-03-07 21:34:16] alive pids=53435 next_reset=2026-03-08 01:00:00
[2026-03-07 21:39:16] alive pids=53435 next_reset=2026-03-08 01:00:00
[2026-03-07 21:44:17] alive pids=53435 next_reset=2026-03-08 01:00:00
[2026-03-07 21:49:17] alive pids=53435 next_reset=2026-03-08 01:00:00
[2026-03-07 21:54:18] alive pids=53435 next_reset=2026-03-08 01:00:00
[2026-03-07 21:59:18] alive pids=53435 next_reset=2026-03-08 01:00:00
[2026-03-07 22:04:19] alive pids=53435 next_reset=2026-03-08 01:00:00
[2026-03-07 22:09:19] alive pids=53435 next_reset=2026-03-08 01:00:00
[2026-03-07 22:14:20] alive pids=53435 next_reset=2026-03-08 01:00:00
[2026-03-07 22:19:20] alive pids=53435 next_reset=2026-03-08 01:00:00
[2026-03-07 22:24:21] alive pids=53435 next_reset=2026-03-08 01:00:00
[2026-03-07 22:29:22] alive pids=53435 next_reset=2026-03-08 01:00:00
[2026-03-07 22:34:22] alive pids=53435 next_reset=2026-03-08 01:00:00
[2026-03-07 22:39:23] alive pids=53435 next_reset=2026-03-08 01:00:00
[2026-03-07 22:44:23] alive pids=53435 next_reset=2026-03-08 01:00:00
[2026-03-07 22:49:24] alive pids=53435 next_reset=2026-03-08 01:00:00
[2026-03-07 22:54:24] alive pids=53435 next_reset=2026-03-08 01:00:00
[2026-03-07 22:59:25] alive pids=53435 next_reset=2026-03-08 01:00:00
[2026-03-07 23:04:26] alive pids=53435 next_reset=2026-03-08 01:00:00
[2026-03-07 23:09:26] alive pids=53435 next_reset=2026-03-08 01:00:00
[2026-03-07 23:14:27] alive pids=53435 next_reset=2026-03-08 01:00:00
[2026-03-07 23:19:27] alive pids=53435 next_reset=2026-03-08 01:00:00
[2026-03-07 23:24:28] alive pids=53435 next_reset=2026-03-08 01:00:00
[2026-03-07 23:29:28] alive pids=53435 next_reset=2026-03-08 01:00:00
[2026-03-07 23:34:29] alive pids=53435 next_reset=2026-03-08 01:00:00
[2026-03-07 23:39:29] alive pids=53435 next_reset=2026-03-08 01:00:00
[2026-03-07 23:44:30] alive pids=53435 next_reset=2026-03-08 01:00:00
[2026-03-07 23:49:30] alive pids=53435 next_reset=2026-03-08 01:00:00
[2026-03-07 23:54:31] alive pids=53435 next_reset=2026-03-08 01:00:00
[2026-03-07 23:59:31] alive pids=53435 next_reset=2026-03-08 01:00:00
[2026-03-08 00:04:32] alive pids=53435 next_reset=2026-03-08 01:00:00
[2026-03-08 00:09:32] alive pids=53435 next_reset=2026-03-08 01:00:00
[2026-03-08 00:14:33] alive pids=53435 next_reset=2026-03-08 01:00:00
[2026-03-08 00:19:33] alive pids=53435 next_reset=2026-03-08 01:00:00
[2026-03-08 00:24:34] alive pids=53435 next_reset=2026-03-08 01:00:00
[2026-03-08 00:29:34] alive pids=53435 next_reset=2026-03-08 01:00:00
[2026-03-08 00:34:35] alive pids=53435 next_reset=2026-03-08 01:00:00
[2026-03-08 00:39:35] alive pids=53435 next_reset=2026-03-08 01:00:00
[2026-03-08 00:44:36] waiting for next reset at 2026-03-08 01:00:00
[2026-03-08 00:49:36] alive pids=59158 next_reset=2026-03-08 01:00:00
[2026-03-08 00:54:37] alive pids=59158 next_reset=2026-03-08 01:00:00
[2026-03-08 00:59:37] alive pids=59158 next_reset=2026-03-08 01:00:00
[2026-03-08 01:04:38] alive pids=59158 next_reset=2026-03-08 06:00:00
[2026-03-08 01:09:38] alive pids=68255 next_reset=2026-03-08 06:00:00
[2026-03-08 01:13:26] A/B supervisor started
[2026-03-08 01:13:26] next resets: 2026-03-08 05:00, 2026-03-08 10:00, 2026-03-08 15:00, 2026-03-08 20:00, 2026-03-09 01:00, 2026-03-09 06:00
[2026-03-08 01:13:26] alive pids=68255 next_reset=2026-03-08 05:00:00
[2026-03-08 01:18:27] alive pids=68255 next_reset=2026-03-08 05:00:00
[2026-03-08 01:23:27] alive pids=68255 next_reset=2026-03-08 05:00:00
[2026-03-08 01:28:28] alive pids=68255 next_reset=2026-03-08 05:00:00
[2026-03-08 01:33:29] alive pids=68255 next_reset=2026-03-08 05:00:00
[2026-03-08 01:38:29] alive pids=68255 next_reset=2026-03-08 05:00:00
[2026-03-08 01:43:30] alive pids=68255 next_reset=2026-03-08 05:00:00
[2026-03-08 01:48:30] alive pids=68255 next_reset=2026-03-08 05:00:00
[2026-03-08 01:53:31] alive pids=68255 next_reset=2026-03-08 05:00:00
[2026-03-08 01:58:32] alive pids=68255 next_reset=2026-03-08 05:00:00
[2026-03-08 02:03:32] alive pids=68255 next_reset=2026-03-08 05:00:00
[2026-03-08 02:08:33] alive pids=68255 next_reset=2026-03-08 05:00:00
[2026-03-08 02:13:33] alive pids=68255 next_reset=2026-03-08 05:00:00
[2026-03-08 02:18:34] alive pids=68255 next_reset=2026-03-08 05:00:00
[2026-03-08 02:23:34] alive pids=68255 next_reset=2026-03-08 05:00:00
[2026-03-08 02:28:35] alive pids=68255 next_reset=2026-03-08 05:00:00
[2026-03-08 02:33:35] alive pids=68255 next_reset=2026-03-08 05:00:00
[2026-03-08 02:38:36] alive pids=68255 next_reset=2026-03-08 05:00:00
[2026-03-08 02:43:36] alive pids=68255 next_reset=2026-03-08 05:00:00
[2026-03-08 02:48:37] alive pids=68255 next_reset=2026-03-08 05:00:00
[2026-03-08 02:53:38] alive pids=68255 next_reset=2026-03-08 05:00:00
[2026-03-08 02:58:38] alive pids=68255 next_reset=2026-03-08 05:00:00
[2026-03-08 03:03:39] alive pids=68255 next_reset=2026-03-08 05:00:00
[2026-03-08 03:08:39] alive pids=68255 next_reset=2026-03-08 05:00:00
[2026-03-08 03:13:40] alive pids=68255 next_reset=2026-03-08 05:00:00
[2026-03-08 03:18:41] alive pids=68255 next_reset=2026-03-08 05:00:00
[2026-03-08 03:23:41] alive pids=68255 next_reset=2026-03-08 05:00:00
[2026-03-08 03:28:42] alive pids=68255 next_reset=2026-03-08 05:00:00
[2026-03-08 03:33:42] alive pids=68255 next_reset=2026-03-08 05:00:00
[2026-03-08 03:38:43] alive pids=68255 next_reset=2026-03-08 05:00:00
[2026-03-08 03:43:44] alive pids=68255 next_reset=2026-03-08 05:00:00
[2026-03-08 03:48:44] alive pids=68255 next_reset=2026-03-08 05:00:00
[2026-03-08 03:53:45] alive pids=68255 next_reset=2026-03-08 05:00:00
[2026-03-08 03:58:46] alive pids=68255 next_reset=2026-03-08 05:00:00
[2026-03-08 04:03:46] alive pids=68255 next_reset=2026-03-08 05:00:00
[2026-03-08 04:08:47] alive pids=68255 next_reset=2026-03-08 05:00:00
[2026-03-08 04:13:47] alive pids=68255 next_reset=2026-03-08 05:00:00
[2026-03-08 04:18:48] alive pids=68255 next_reset=2026-03-08 05:00:00
[2026-03-08 04:23:49] alive pids=68255 next_reset=2026-03-08 05:00:00
[2026-03-08 04:28:49] alive pids=68255 next_reset=2026-03-08 05:00:00
[2026-03-08 04:33:50] alive pids=68255 next_reset=2026-03-08 05:00:00
[2026-03-08 04:38:50] alive pids=68255 next_reset=2026-03-08 05:00:00
[2026-03-08 04:43:51] alive pids=68255 next_reset=2026-03-08 05:00:00
[2026-03-08 04:48:51] alive pids=68255 next_reset=2026-03-08 05:00:00
[2026-03-08 04:53:52] alive pids=68255 next_reset=2026-03-08 05:00:00
[2026-03-08 04:58:53] alive pids=68255 next_reset=2026-03-08 05:00:00
[2026-03-08 05:03:53] alive pids=68255 next_reset=2026-03-08 10:00:00
[2026-03-08 05:08:54] alive pids=68255 next_reset=2026-03-08 10:00:00
[2026-03-08 05:13:55] alive pids=68255 next_reset=2026-03-08 10:00:00
[2026-03-08 05:18:55] alive pids=68255 next_reset=2026-03-08 10:00:00
[2026-03-08 05:23:56] alive pids=68255 next_reset=2026-03-08 10:00:00
[2026-03-08 05:28:57] alive pids=68255 next_reset=2026-03-08 10:00:00
[2026-03-08 05:33:57] alive pids=68255 next_reset=2026-03-08 10:00:00
[2026-03-08 05:38:58] alive pids=68255 next_reset=2026-03-08 10:00:00
[2026-03-08 05:43:58] alive pids=68255 next_reset=2026-03-08 10:00:00
[2026-03-08 05:48:59] alive pids=68255 next_reset=2026-03-08 10:00:00
[2026-03-08 05:54:00] alive pids=68255 next_reset=2026-03-08 10:00:00
[2026-03-08 05:59:00] alive pids=68255 next_reset=2026-03-08 10:00:00
[2026-03-08 06:04:01] alive pids=68255 next_reset=2026-03-08 10:00:00
[2026-03-08 06:09:01] alive pids=68255 next_reset=2026-03-08 10:00:00
[2026-03-08 06:14:02] alive pids=68255 next_reset=2026-03-08 10:00:00
[2026-03-08 06:19:03] alive pids=68255 next_reset=2026-03-08 10:00:00
[2026-03-08 06:24:03] alive pids=68255 next_reset=2026-03-08 10:00:00
[2026-03-08 06:29:04] alive pids=68255 next_reset=2026-03-08 10:00:00
[2026-03-08 06:34:05] alive pids=68255 next_reset=2026-03-08 10:00:00
[2026-03-08 06:39:05] alive pids=68255 next_reset=2026-03-08 10:00:00
[2026-03-08 06:44:06] alive pids=68255 next_reset=2026-03-08 10:00:00
[2026-03-08 06:49:06] alive pids=68255 next_reset=2026-03-08 10:00:00
[2026-03-08 06:54:07] alive pids=68255 next_reset=2026-03-08 10:00:00
[2026-03-08 06:59:08] alive pids=68255 next_reset=2026-03-08 10:00:00
[2026-03-08 07:04:08] alive pids=68255 next_reset=2026-03-08 10:00:00
[2026-03-08 07:09:09] alive pids=68255 next_reset=2026-03-08 10:00:00
[2026-03-08 07:14:09] alive pids=68255 next_reset=2026-03-08 10:00:00
[2026-03-08 07:19:10] alive pids=68255 next_reset=2026-03-08 10:00:00
[2026-03-08 07:24:11] alive pids=68255 next_reset=2026-03-08 10:00:00
[2026-03-08 07:29:11] alive pids=68255 next_reset=2026-03-08 10:00:00
[2026-03-08 07:34:12] alive pids=68255 next_reset=2026-03-08 10:00:00
[2026-03-08 07:39:12] alive pids=68255 next_reset=2026-03-08 10:00:00
[2026-03-08 07:44:13] alive pids=68255 next_reset=2026-03-08 10:00:00
[2026-03-08 07:49:14] alive pids=68255 next_reset=2026-03-08 10:00:00
[2026-03-08 07:54:14] alive pids=68255 next_reset=2026-03-08 10:00:00
[2026-03-08 07:59:15] alive pids=68255 next_reset=2026-03-08 10:00:00
[2026-03-08 08:04:15] alive pids=68255 next_reset=2026-03-08 10:00:00
[2026-03-08 08:09:16] alive pids=68255 next_reset=2026-03-08 10:00:00
[2026-03-08 08:14:17] alive pids=68255 next_reset=2026-03-08 10:00:00
[2026-03-08 08:19:17] alive pids=68255 next_reset=2026-03-08 10:00:00
[2026-03-08 08:24:18] alive pids=68255 next_reset=2026-03-08 10:00:00
[2026-03-08 08:29:18] alive pids=68255 next_reset=2026-03-08 10:00:00
[2026-03-08 08:34:19] alive pids=68255 next_reset=2026-03-08 10:00:00
[2026-03-08 08:39:20] alive pids=68255 next_reset=2026-03-08 10:00:00
[2026-03-08 08:44:20] alive pids=68255 next_reset=2026-03-08 10:00:00
[2026-03-08 08:49:21] alive pids=68255 next_reset=2026-03-08 10:00:00
[2026-03-08 08:54:21] alive pids=68255 next_reset=2026-03-08 10:00:00
[2026-03-08 08:59:22] alive pids=68255 next_reset=2026-03-08 10:00:00
[2026-03-08 09:04:23] alive pids=68255 next_reset=2026-03-08 10:00:00
[2026-03-08 09:09:23] alive pids=68255 next_reset=2026-03-08 10:00:00
[2026-03-08 09:14:24] alive pids=68255 next_reset=2026-03-08 10:00:00
[2026-03-08 09:19:24] alive pids=68255 next_reset=2026-03-08 10:00:00
[2026-03-08 09:24:25] alive pids=68255 next_reset=2026-03-08 10:00:00
[2026-03-08 09:29:25] alive pids=68255 next_reset=2026-03-08 10:00:00
[2026-03-08 09:34:26] alive pids=68255 next_reset=2026-03-08 10:00:00
[2026-03-08 09:39:27] alive pids=68255 next_reset=2026-03-08 10:00:00
[2026-03-08 09:44:27] alive pids=68255 next_reset=2026-03-08 10:00:00
[2026-03-08 09:49:28] alive pids=68255 next_reset=2026-03-08 10:00:00
[2026-03-08 09:54:28] alive pids=68255 next_reset=2026-03-08 10:00:00
[2026-03-08 09:59:29] alive pids=68255 next_reset=2026-03-08 10:00:00
[2026-03-08 10:04:29] alive pids=68255 next_reset=2026-03-08 15:00:00
[2026-03-08 10:09:30] alive pids=68255 next_reset=2026-03-08 15:00:00
[2026-03-08 10:14:30] alive pids=68255 next_reset=2026-03-08 15:00:00
[2026-03-08 10:19:31] alive pids=68255 next_reset=2026-03-08 15:00:00
[2026-03-08 10:22:50] A/B supervisor started
[2026-03-08 10:22:50] next resets: 2026-03-08 15:00, 2026-03-08 20:00, 2026-03-09 01:00, 2026-03-09 06:00, 2026-03-09 11:00, 2026-03-09 16:00
[2026-03-08 10:22:50] alive pids=78995 next_reset=2026-03-08 15:00:00
[2026-03-08 10:27:51] alive pids=78995 next_reset=2026-03-08 15:00:00
[2026-03-08 10:29:50] A/B supervisor started strategy=CodingPlan->MiniMax->ZhipuStandard launch=Zhipu:glm-4.7 heartbeat=3600s
[2026-03-08 10:29:50] next resets: 2026-03-08 15:00, 2026-03-08 20:00, 2026-03-09 01:00, 2026-03-09 06:00, 2026-03-09 11:00, 2026-03-09 16:00
[2026-03-08 10:29:50] alive pids=78995 next_reset=2026-03-08 15:00:00 progress=ab_walk_forward_first_pilot.checkpoint.window1.baseline.engine.json updated_at=2026-03-08 10:09:04
[2026-03-08 11:29:57] alive pids=78995 next_reset=2026-03-08 15:00:00 progress=ab_walk_forward_first_pilot.checkpoint.window1.baseline.engine.json updated_at=2026-03-08 10:09:04
[2026-03-08 12:30:04] alive pids=78995 next_reset=2026-03-08 15:00:00 progress=ab_walk_forward_first_pilot.checkpoint.window1.baseline.engine.json updated_at=2026-03-08 11:37:42
[2026-03-08 13:30:11] alive pids=78995 next_reset=2026-03-08 15:00:00 progress=ab_walk_forward_first_pilot.checkpoint.window1.baseline.engine.json updated_at=2026-03-08 12:53:04
[2026-03-08 14:30:18] alive pids=78995 next_reset=2026-03-08 15:00:00 progress=ab_walk_forward_first_pilot.checkpoint.window1.baseline.engine.json updated_at=2026-03-08 12:53:04
[2026-03-08 15:30:25] alive pids=78995 next_reset=2026-03-08 20:00:00 progress=ab_walk_forward_first_pilot.checkpoint.window1.baseline.engine.json updated_at=2026-03-08 12:53:04
[2026-03-08 16:30:33] alive pids=78995 next_reset=2026-03-08 20:00:00 progress=ab_walk_forward_first_pilot.checkpoint.window1.baseline.engine.json updated_at=2026-03-08 12:53:04
[2026-03-08 17:30:40] alive pids=78995 next_reset=2026-03-08 20:00:00 progress=ab_walk_forward_first_pilot.checkpoint.window1.baseline.engine.json updated_at=2026-03-08 16:47:13
[2026-03-08 18:30:47] alive pids=78995 next_reset=2026-03-08 20:00:00 progress=ab_walk_forward_first_pilot.checkpoint.window1.baseline.engine.json updated_at=2026-03-08 18:03:49
[2026-03-08 19:28:13] A/B supervisor started strategy=CodingPlan->MiniMax->ZhipuStandard launch=Zhipu:glm-4.7 heartbeat=3600s analyst_concurrency=3
[2026-03-08 19:28:13] next resets: 2026-03-08 20:00, 2026-03-09 01:00, 2026-03-09 06:00, 2026-03-09 11:00, 2026-03-09 16:00, 2026-03-09 21:00
[2026-03-08 19:28:13] alive pids=82508 next_reset=2026-03-08 20:00:00 progress=ab_walk_forward_first_pilot.checkpoint.window1.baseline.engine.json updated_at=2026-03-08 18:03:49
[2026-03-08 20:28:20] alive pids=82508 next_reset=2026-03-09 01:00:00 progress=ab_walk_forward_first_pilot.checkpoint.window1.baseline.engine.json updated_at=2026-03-08 18:03:49
[2026-03-08 20:55:36] A/B supervisor started strategy=CodingPlan->MiniMax->ZhipuStandard launch=Zhipu:glm-4.7 heartbeat=3600s analyst_concurrency=3
[2026-03-08 20:55:36] next resets: 2026-03-09 01:00, 2026-03-09 06:00, 2026-03-09 11:00, 2026-03-09 16:00, 2026-03-09 21:00, 2026-03-10 02:00
[2026-03-08 20:55:36] alive pids=8959 next_reset=2026-03-09 01:00:00 progress=ab_walk_forward_first_pilot.checkpoint.window1.baseline.engine.timings.jsonl updated_at=2026-03-08 20:53:20
[2026-03-08 21:57:12] A/B supervisor started strategy=CodingPlan->MiniMax->ZhipuStandard launch=Zhipu:glm-4.7 heartbeat=3600s analyst_concurrency=3
[2026-03-08 21:57:12] next resets: 2026-03-09 01:00, 2026-03-09 06:00, 2026-03-09 11:00, 2026-03-09 16:00, 2026-03-09 21:00, 2026-03-10 02:00
[2026-03-08 21:57:12] alive pids=66413 next_reset=2026-03-09 01:00:00 progress=ab_walk_forward_first_pilot.checkpoint.window1.baseline.engine.timings.jsonl updated_at=2026-03-08 21:54:55
[2026-03-08 22:04:26] A/B supervisor started strategy=CodingPlan->MiniMax->ZhipuStandard launch=Zhipu:glm-4.7 heartbeat=3600s analyst_concurrency=3 baseline_top_n=10
[2026-03-08 22:04:26] next resets: 2026-03-09 01:00, 2026-03-09 06:00, 2026-03-09 11:00, 2026-03-09 16:00, 2026-03-09 21:00, 2026-03-10 02:00
[2026-03-08 22:04:26] alive pids=75907 next_reset=2026-03-09 01:00:00 progress=ab_walk_forward_first_pilot.checkpoint.window1.baseline.engine.timings.jsonl updated_at=2026-03-08 22:02:07
